<?xml version="1.0" encoding="UTF-8"?>
<!-- Generated by org.testng.reporters.JUnitReportReporter -->
<testsuite skipped="0" hostname="RAM_QA-PC" name="com.ee.BDD.EERunner" tests="1" failures="0" timestamp="30 Oct 2019 04:52:15 GMT" time="116.369" errors="0">
  <testcase name="feature" time="116.369" classname="com.ee.BDD.EERunner"/>
</testsuite> <!-- com.ee.BDD.EERunner -->
